\BOOKMARK [1][-]{section*.3}{\376\377\144\130\211\201}{}% 1
\BOOKMARK [1][-]{section*.4}{\376\377\000A\000b\000s\000t\000r\000a\000c\000t}{}% 2
\BOOKMARK [1][-]{section.1}{\376\377\137\025\212\000}{}% 3
\BOOKMARK [2][-]{subsection.1.1}{\376\377\170\024\172\166\200\314\146\157}{section.1}% 4
\BOOKMARK [2][-]{subsection.1.2}{\376\377\126\375\121\205\131\026\170\024\172\166\163\260\162\266}{section.1}% 5
\BOOKMARK [2][-]{subsection.1.3}{\376\377\116\073\211\201\176\323\213\272\123\312\141\017\116\111}{section.1}% 6
\BOOKMARK [2][-]{subsection.1.4}{\376\377\230\204\131\007\167\345\213\306}{section.1}% 7
\BOOKMARK [2][-]{subsection.1.5}{\376\377\127\372\147\054\120\107\213\276}{section.1}% 8
\BOOKMARK [1][-]{section.2}{\376\377\131\107\137\002\116\044\160\271\217\271\120\074\225\356\230\230\211\343\166\204\133\130\127\050\125\057\116\000\140\047}{}% 9
\BOOKMARK [2][-]{subsection.2.1}{\376\377\136\070\137\256\122\006\145\271\172\013\166\204\000\040\000C\000a\000u\000c\000h\000y\000\040\225\356\230\230}{section.2}% 10
\BOOKMARK [2][-]{subsection.2.2}{\376\377\116\044\160\271\217\271\120\074\225\356\230\230}{section.2}% 11
\BOOKMARK [2][-]{subsection.2.3}{\376\377\131\107\137\002\116\044\160\271\217\271\120\074\225\356\230\230}{section.2}% 12
\BOOKMARK [2][-]{subsection.2.4}{\376\377\127\107\210\141\000R\000i\000c\000c\000a\000t\000i\000\040\145\271\172\013\116\016\131\107\137\002\116\044\160\271\217\271\120\074\225\356\230\230\116\113\225\364\123\357\211\343\140\047\173\111\116\367}{section.2}% 13
\BOOKMARK [2][-]{subsection.2.5}{\376\377\211\343\166\204\133\130\127\050\125\057\116\000\140\047}{section.2}% 14
\BOOKMARK [1][-]{section.3}{\376\377\131\107\137\002\116\044\160\271\217\271\120\074\225\356\230\230\166\204\145\160\120\074\211\343}{}% 15
\BOOKMARK [2][-]{subsection.3.1}{\376\377\116\000\176\364\174\373\176\337\116\016\173\227\117\213\147\204\220\040}{section.3}% 16
\BOOKMARK [2][-]{subsection.3.2}{\376\377\162\151\164\006\117\341\140\157\171\136\176\317\177\121\176\334\166\204\213\276\213\241\116\016\133\236\163\260}{section.3}% 17
\BOOKMARK [3][-]{subsubsection.3.2.1}{\376\377\162\151\164\006\117\341\140\157\171\136\176\317\177\121\176\334\173\200\116\313}{subsection.3.2}% 18
\BOOKMARK [3][-]{subsubsection.3.2.2}{\376\377\201\352\122\250\137\256\122\006\116\016\117\030\123\026\173\227\154\325\173\200\116\313}{subsection.3.2}% 19
\BOOKMARK [3][-]{subsubsection.3.2.3}{\376\377\177\121\176\334\147\266\147\204}{subsection.3.2}% 20
\BOOKMARK [3][-]{subsubsection.3.2.4}{\376\377\143\137\131\061\121\375\145\160\213\276\213\241}{subsection.3.2}% 21
\BOOKMARK [3][-]{subsubsection.3.2.5}{\376\377\173\227\154\325\153\145\232\244}{subsection.3.2}% 22
\BOOKMARK [2][-]{subsection.3.3}{\376\377\145\160\120\074\133\236\232\214\176\323\147\234\116\016\122\006\147\220}{section.3}% 23
\BOOKMARK [3][-]{subsubsection.3.3.1}{\376\377\145\066\145\133\140\047\122\006\147\220}{subsection.3.3}% 24
\BOOKMARK [3][-]{subsubsection.3.3.2}{\376\377\211\343\166\204\121\306\170\156\140\047\232\214\213\301\116\016\173\227\154\325\133\371\153\324}{subsection.3.3}% 25
\BOOKMARK [3][-]{subsubsection.3.3.3}{\376\377\213\357\135\356\122\006\136\003\122\006\147\220}{subsection.3.3}% 26
\BOOKMARK [3][-]{subsubsection.3.3.4}{\376\377\213\250\213\272\116\016\176\323\147\234\122\006\147\220}{subsection.3.3}% 27
\BOOKMARK [1][-]{section.4}{\376\377\140\073\176\323\116\016\134\125\147\033}{}% 28
\BOOKMARK [2][-]{subsection.4.1}{\376\377\140\073\176\323}{section.4}% 29
\BOOKMARK [2][-]{subsection.4.2}{\376\377\134\125\147\033}{section.4}% 30
\BOOKMARK [1][-]{section*.11}{\376\377\123\302\200\003\145\207\163\056}{}% 31
\BOOKMARK [1][-]{section*.13}{\376\377\201\364\214\042}{}% 32
\BOOKMARK [1][-]{section*.15}{\376\377\226\104\137\125}{}% 33
